<?xml version="1.0" encoding="UTF-8"?>
<!-- Generated by org.testng.reporters.JUnitXMLReporter -->
<testsuite hostname="DESKTOP-06B7PSB" ignored="2" name="Test" tests="2" failures="1" timestamp="01 feb 2020 09:09:09 GMT" time="25.493" errors="0">
  <testcase name="offerSection" time="7.906" classname="tests.TcReq1"/>
  <testcase name="coverSection" time="0.003" classname="tests.TcReq1_1">
    <failure type="java.lang.NullPointerException">
      <![CDATA[java.lang.NullPointerException
at pages.HomePage.goToSection(HomePage.java:23)
at tests.TcReq1_1.coverSection(TcReq1_1.java:19)
... Removed 25 stack frames]]>
    </failure>
  </testcase> <!-- coverSection -->
  <testcase name="@AfterTest tearDown" time="0.0" classname="utility.BaseClass">
    <ignored/>
  </testcase> <!-- @AfterTest tearDown -->
  <testcase name="@BeforeTest setUp" time="0.0" classname="utility.BaseClass">
    <ignored/>
  </testcase> <!-- @BeforeTest setUp -->
</testsuite> <!-- Test -->
