<?xml version="1.0" encoding="UTF-8"?>
<!-- Generated by org.testng.reporters.JUnitXMLReporter -->
<testsuite hostname="DESKTOP-06B7PSB" ignored="4" name="Test" tests="3" failures="2" timestamp="01 feb 2020 16:50:12 GMT" time="35.772" errors="0">
  <testcase name="offerSection" time="14.009" classname="tests.TcReq1"/>
  <testcase name="coverSection" time="0.0" classname="tests.TcReq1_1">
    <failure type="java.lang.NullPointerException">
      <![CDATA[java.lang.NullPointerException
at pages.HomePage.goToSection(HomePage.java:22)
at tests.TcReq1_1.coverSection(TcReq1_1.java:19)
... Removed 28 stack frames]]>
    </failure>
  </testcase> <!-- coverSection -->
  <testcase name="addToCart" time="0.0" classname="tests.TcReq1_2">
    <failure type="java.lang.NullPointerException">
      <![CDATA[java.lang.NullPointerException
at pages.HomePage.goToDresses(HomePage.java:29)
at tests.TcReq1_2.addToCart(TcReq1_2.java:20)
... Removed 28 stack frames]]>
    </failure>
  </testcase> <!-- addToCart -->
  <testcase name="@AfterTest tearDown" time="0.0" classname="utility.BaseClass">
    <ignored/>
  </testcase> <!-- @AfterTest tearDown -->
  <testcase name="@AfterTest tearDown" time="0.0" classname="utility.BaseClass">
    <ignored/>
  </testcase> <!-- @AfterTest tearDown -->
  <testcase name="@BeforeTest setUp" time="0.0" classname="utility.BaseClass">
    <ignored/>
  </testcase> <!-- @BeforeTest setUp -->
  <testcase name="@BeforeTest setUp" time="0.0" classname="utility.BaseClass">
    <ignored/>
  </testcase> <!-- @BeforeTest setUp -->
</testsuite> <!-- Test -->
