<?xml version="1.0" encoding="UTF-8"?>
<testng-results skipped="0" failed="0" ignored="0" total="1" passed="1">
  <reporter-output>
  </reporter-output>
  <suite name="Default suite" duration-ms="21632" started-at="2020-02-01T16:46:14Z" finished-at="2020-02-01T16:46:36Z">
    <groups>
    </groups>
    <test name="Default test" duration-ms="21632" started-at="2020-02-01T16:46:14Z" finished-at="2020-02-01T16:46:36Z">
      <class name="tests.TcReq1_5">
        <test-method status="PASS" signature="setUp()[pri:0, instance:tests.TcReq1_5@1e88b3c]" name="setUp" is-config="true" duration-ms="20807" started-at="2020-02-01T16:46:14Z" finished-at="2020-02-01T16:46:35Z">
          <reporter-output>
          </reporter-output>
        </test-method> <!-- setUp -->
        <test-method status="PASS" signature="goToContact()[pri:0, instance:tests.TcReq1_5@1e88b3c]" name="goToContact" duration-ms="780" started-at="2020-02-01T16:46:35Z" finished-at="2020-02-01T16:46:36Z">
          <reporter-output>
          </reporter-output>
        </test-method> <!-- goToContact -->
        <test-method status="PASS" signature="tearDown()[pri:0, instance:tests.TcReq1_5@1e88b3c]" name="tearDown" is-config="true" duration-ms="1" started-at="2020-02-01T16:46:36Z" finished-at="2020-02-01T16:46:36Z">
          <reporter-output>
          </reporter-output>
        </test-method> <!-- tearDown -->
      </class> <!-- tests.TcReq1_5 -->
    </test> <!-- Default test -->
  </suite> <!-- Default suite -->
</testng-results>
